Analysis & Synthesis report for ATM_Controller
Tue Jul 11 10:43:27 2023
Quartus Prime Version 18.1.0 Build 625 09/12/2018 SJ Lite Edition


---------------------
; Table of Contents ;
---------------------
  1. Legal Notice
  2. Analysis & Synthesis Summary
  3. Analysis & Synthesis Settings
  4. Parallel Compilation
  5. Analysis & Synthesis Source Files Read
  6. Analysis & Synthesis Resource Usage Summary
  7. Analysis & Synthesis Resource Utilization by Entity
  8. State Machine - |ATM_Controller|state
  9. Registers Removed During Synthesis
 10. Removed Registers Triggering Further Register Optimizations
 11. General Register Statistics
 12. Multiplexer Restructuring Statistics (Restructuring Performed)
 13. Parameter Settings for User Entity Instance: Top-level Entity: |ATM_Controller
 14. Post-Synthesis Netlist Statistics for Top Partition
 15. Elapsed Time Per Partition
 16. Analysis & Synthesis Messages



----------------
; Legal Notice ;
----------------
Copyright (C) 2018  Intel Corporation. All rights reserved.
Your use of Intel Corporation's design tools, logic functions 
and other software and tools, and its AMPP partner logic 
functions, and any output files from any of the foregoing 
(including device programming or simulation files), and any 
associated documentation or information are expressly subject 
to the terms and conditions of the Intel Program License 
Subscription Agreement, the Intel Quartus Prime License Agreement,
the Intel FPGA IP License Agreement, or other applicable license
agreement, including, without limitation, that your use is for
the sole purpose of programming logic devices manufactured by
Intel and sold by Intel or its authorized distributors.  Please
refer to the applicable agreement for further details.



+-------------------------------------------------------------------------------+
; Analysis & Synthesis Summary                                                  ;
+---------------------------------+---------------------------------------------+
; Analysis & Synthesis Status     ; Successful - Tue Jul 11 10:43:27 2023       ;
; Quartus Prime Version           ; 18.1.0 Build 625 09/12/2018 SJ Lite Edition ;
; Revision Name                   ; ATM_Controller                              ;
; Top-level Entity Name           ; ATM_Controller                              ;
; Family                          ; Cyclone V                                   ;
; Logic utilization (in ALMs)     ; N/A                                         ;
; Total registers                 ; 0                                           ;
; Total pins                      ; 65                                          ;
; Total virtual pins              ; 0                                           ;
; Total block memory bits         ; 0                                           ;
; Total DSP Blocks                ; 0                                           ;
; Total HSSI RX PCSs              ; 0                                           ;
; Total HSSI PMA RX Deserializers ; 0                                           ;
; Total HSSI TX PCSs              ; 0                                           ;
; Total HSSI PMA TX Serializers   ; 0                                           ;
; Total PLLs                      ; 0                                           ;
; Total DLLs                      ; 0                                           ;
+---------------------------------+---------------------------------------------+


+---------------------------------------------------------------------------------------------------------------------------+
; Analysis & Synthesis Settings                                                                                             ;
+---------------------------------------------------------------------------------+--------------------+--------------------+
; Option                                                                          ; Setting            ; Default Value      ;
+---------------------------------------------------------------------------------+--------------------+--------------------+
; Device                                                                          ; 5CSEMA5F31C6       ;                    ;
; Top-level entity name                                                           ; ATM_Controller     ; ATM_Controller     ;
; Family name                                                                     ; Cyclone V          ; Cyclone V          ;
; Use smart compilation                                                           ; Off                ; Off                ;
; Enable parallel Assembler and Timing Analyzer during compilation                ; On                 ; On                 ;
; Enable compact report table                                                     ; Off                ; Off                ;
; Restructure Multiplexers                                                        ; Auto               ; Auto               ;
; MLAB Add Timing Constraints For Mixed-Port Feed-Through Mode Setting Don't Care ; Off                ; Off                ;
; Create Debugging Nodes for IP Cores                                             ; Off                ; Off                ;
; Preserve fewer node names                                                       ; On                 ; On                 ;
; Intel FPGA IP Evaluation Mode                                                   ; Enable             ; Enable             ;
; Verilog Version                                                                 ; Verilog_2001       ; Verilog_2001       ;
; VHDL Version                                                                    ; VHDL_1993          ; VHDL_1993          ;
; State Machine Processing                                                        ; Auto               ; Auto               ;
; Safe State Machine                                                              ; Off                ; Off                ;
; Extract Verilog State Machines                                                  ; On                 ; On                 ;
; Extract VHDL State Machines                                                     ; On                 ; On                 ;
; Ignore Verilog initial constructs                                               ; Off                ; Off                ;
; Iteration limit for constant Verilog loops                                      ; 5000               ; 5000               ;
; Iteration limit for non-constant Verilog loops                                  ; 250                ; 250                ;
; Add Pass-Through Logic to Inferred RAMs                                         ; On                 ; On                 ;
; Infer RAMs from Raw Logic                                                       ; On                 ; On                 ;
; Parallel Synthesis                                                              ; On                 ; On                 ;
; DSP Block Balancing                                                             ; Auto               ; Auto               ;
; NOT Gate Push-Back                                                              ; On                 ; On                 ;
; Power-Up Don't Care                                                             ; On                 ; On                 ;
; Remove Redundant Logic Cells                                                    ; Off                ; Off                ;
; Remove Duplicate Registers                                                      ; On                 ; On                 ;
; Ignore CARRY Buffers                                                            ; Off                ; Off                ;
; Ignore CASCADE Buffers                                                          ; Off                ; Off                ;
; Ignore GLOBAL Buffers                                                           ; Off                ; Off                ;
; Ignore ROW GLOBAL Buffers                                                       ; Off                ; Off                ;
; Ignore LCELL Buffers                                                            ; Off                ; Off                ;
; Ignore SOFT Buffers                                                             ; On                 ; On                 ;
; Limit AHDL Integers to 32 Bits                                                  ; Off                ; Off                ;
; Optimization Technique                                                          ; Balanced           ; Balanced           ;
; Carry Chain Length                                                              ; 70                 ; 70                 ;
; Auto Carry Chains                                                               ; On                 ; On                 ;
; Auto Open-Drain Pins                                                            ; On                 ; On                 ;
; Perform WYSIWYG Primitive Resynthesis                                           ; Off                ; Off                ;
; Auto ROM Replacement                                                            ; On                 ; On                 ;
; Auto RAM Replacement                                                            ; On                 ; On                 ;
; Auto DSP Block Replacement                                                      ; On                 ; On                 ;
; Auto Shift Register Replacement                                                 ; Auto               ; Auto               ;
; Allow Shift Register Merging across Hierarchies                                 ; Auto               ; Auto               ;
; Auto Clock Enable Replacement                                                   ; On                 ; On                 ;
; Strict RAM Replacement                                                          ; Off                ; Off                ;
; Allow Synchronous Control Signals                                               ; On                 ; On                 ;
; Force Use of Synchronous Clear Signals                                          ; Off                ; Off                ;
; Auto Resource Sharing                                                           ; Off                ; Off                ;
; Allow Any RAM Size For Recognition                                              ; Off                ; Off                ;
; Allow Any ROM Size For Recognition                                              ; Off                ; Off                ;
; Allow Any Shift Register Size For Recognition                                   ; Off                ; Off                ;
; Use LogicLock Constraints during Resource Balancing                             ; On                 ; On                 ;
; Ignore translate_off and synthesis_off directives                               ; Off                ; Off                ;
; Timing-Driven Synthesis                                                         ; On                 ; On                 ;
; Report Parameter Settings                                                       ; On                 ; On                 ;
; Report Source Assignments                                                       ; On                 ; On                 ;
; Report Connectivity Checks                                                      ; On                 ; On                 ;
; Ignore Maximum Fan-Out Assignments                                              ; Off                ; Off                ;
; Synchronization Register Chain Length                                           ; 3                  ; 3                  ;
; Power Optimization During Synthesis                                             ; Normal compilation ; Normal compilation ;
; HDL message level                                                               ; Level2             ; Level2             ;
; Suppress Register Optimization Related Messages                                 ; Off                ; Off                ;
; Number of Removed Registers Reported in Synthesis Report                        ; 5000               ; 5000               ;
; Number of Swept Nodes Reported in Synthesis Report                              ; 5000               ; 5000               ;
; Number of Inverted Registers Reported in Synthesis Report                       ; 100                ; 100                ;
; Clock MUX Protection                                                            ; On                 ; On                 ;
; Auto Gated Clock Conversion                                                     ; Off                ; Off                ;
; Block Design Naming                                                             ; Auto               ; Auto               ;
; SDC constraint protection                                                       ; Off                ; Off                ;
; Synthesis Effort                                                                ; Auto               ; Auto               ;
; Shift Register Replacement - Allow Asynchronous Clear Signal                    ; On                 ; On                 ;
; Pre-Mapping Resynthesis Optimization                                            ; Off                ; Off                ;
; Analysis & Synthesis Message Level                                              ; Medium             ; Medium             ;
; Disable Register Merging Across Hierarchies                                     ; Auto               ; Auto               ;
; Resource Aware Inference For Block RAM                                          ; On                 ; On                 ;
; Automatic Parallel Synthesis                                                    ; On                 ; On                 ;
; Partial Reconfiguration Bitstream ID                                            ; Off                ; Off                ;
+---------------------------------------------------------------------------------+--------------------+--------------------+


+------------------------------------------+
; Parallel Compilation                     ;
+----------------------------+-------------+
; Processors                 ; Number      ;
+----------------------------+-------------+
; Number detected on machine ; 12          ;
; Maximum allowed            ; 10          ;
;                            ;             ;
; Average used               ; 1.00        ;
; Maximum used               ; 1           ;
;                            ;             ;
; Usage by Processor         ; % Time Used ;
;     Processor 1            ; 100.0%      ;
+----------------------------+-------------+


+--------------------------------------------------------------------------------------------------------------------------+
; Analysis & Synthesis Source Files Read                                                                                   ;
+----------------------------------+-----------------+------------------------+----------------------------------+---------+
; File Name with User-Entered Path ; Used in Netlist ; File Type              ; File Name with Absolute Path     ; Library ;
+----------------------------------+-----------------+------------------------+----------------------------------+---------+
; ATM_Controller.v                 ; yes             ; User Verilog HDL File  ; C:/intel_unnati/ATM_Controller.v ;         ;
+----------------------------------+-----------------+------------------------+----------------------------------+---------+


+--------------------------------------------------------------------+
; Analysis & Synthesis Resource Usage Summary                        ;
+---------------------------------------------+----------------------+
; Resource                                    ; Usage                ;
+---------------------------------------------+----------------------+
; Estimate of Logic utilization (ALMs needed) ; 0                    ;
;                                             ;                      ;
; Combinational ALUT usage for logic          ; 0                    ;
;     -- 7 input functions                    ; 0                    ;
;     -- 6 input functions                    ; 0                    ;
;     -- 5 input functions                    ; 0                    ;
;     -- 4 input functions                    ; 0                    ;
;     -- <=3 input functions                  ; 0                    ;
;                                             ;                      ;
; Dedicated logic registers                   ; 0                    ;
;                                             ;                      ;
; I/O pins                                    ; 65                   ;
;                                             ;                      ;
; Total DSP Blocks                            ; 0                    ;
;                                             ;                      ;
; Maximum fan-out node                        ; withdrawal_requested ;
; Maximum fan-out                             ; 1                    ;
; Total fan-out                               ; 65                   ;
; Average fan-out                             ; 0.50                 ;
+---------------------------------------------+----------------------+


+-------------------------------------------------------------------------------------------------------------------------------------------------------------------------------------------+
; Analysis & Synthesis Resource Utilization by Entity                                                                                                                                       ;
+----------------------------+---------------------+---------------------------+-------------------+------------+------+--------------+---------------------+----------------+--------------+
; Compilation Hierarchy Node ; Combinational ALUTs ; Dedicated Logic Registers ; Block Memory Bits ; DSP Blocks ; Pins ; Virtual Pins ; Full Hierarchy Name ; Entity Name    ; Library Name ;
+----------------------------+---------------------+---------------------------+-------------------+------------+------+--------------+---------------------+----------------+--------------+
; |ATM_Controller            ; 0 (0)               ; 0 (0)                     ; 0                 ; 0          ; 65   ; 0            ; |ATM_Controller     ; ATM_Controller ; work         ;
+----------------------------+---------------------+---------------------------+-------------------+------------+------+--------------+---------------------+----------------+--------------+
Note: For table entries with two numbers listed, the numbers in parentheses indicate the number of resources of the given type used by the specific entity alone. The numbers listed outside of parentheses indicate the total resources of the given type used by the specific entity and all of its sub-entities in the hierarchy.


Encoding Type:  One-Hot
+--------------------------------------------------------------------------------------------------------------------------------------------------------------------------------------------------------------------------------------------------------------------------------------------------------------+
; State Machine - |ATM_Controller|state                                                                                                                                                                                                                                                                        ;
+----------------------------------+----------------------------------+-----------------------------+---------------------+------------------------+----------------------------------+--------------------+-------------------------+--------------------------+---------------------------+------------------+
; Name                             ; state.TRANSACTION_COMPLETE_STATE ; state.BALANCE_INQUIRY_STATE ; state.DEPOSIT_STATE ; state.WITHDRAWAL_STATE ; state.TRANSACTION_SELECTED_STATE ; state.LOCKED_STATE ; state.PIN_INVALID_STATE ; state.PIN_VERIFIED_STATE ; state.CARD_INSERTED_STATE ; state.IDLE_STATE ;
+----------------------------------+----------------------------------+-----------------------------+---------------------+------------------------+----------------------------------+--------------------+-------------------------+--------------------------+---------------------------+------------------+
; state.IDLE_STATE                 ; 0                                ; 0                           ; 0                   ; 0                      ; 0                                ; 0                  ; 0                       ; 0                        ; 0                         ; 0                ;
; state.CARD_INSERTED_STATE        ; 0                                ; 0                           ; 0                   ; 0                      ; 0                                ; 0                  ; 0                       ; 0                        ; 1                         ; 1                ;
; state.PIN_VERIFIED_STATE         ; 0                                ; 0                           ; 0                   ; 0                      ; 0                                ; 0                  ; 0                       ; 1                        ; 0                         ; 1                ;
; state.PIN_INVALID_STATE          ; 0                                ; 0                           ; 0                   ; 0                      ; 0                                ; 0                  ; 1                       ; 0                        ; 0                         ; 1                ;
; state.LOCKED_STATE               ; 0                                ; 0                           ; 0                   ; 0                      ; 0                                ; 1                  ; 0                       ; 0                        ; 0                         ; 1                ;
; state.TRANSACTION_SELECTED_STATE ; 0                                ; 0                           ; 0                   ; 0                      ; 1                                ; 0                  ; 0                       ; 0                        ; 0                         ; 1                ;
; state.WITHDRAWAL_STATE           ; 0                                ; 0                           ; 0                   ; 1                      ; 0                                ; 0                  ; 0                       ; 0                        ; 0                         ; 1                ;
; state.DEPOSIT_STATE              ; 0                                ; 0                           ; 1                   ; 0                      ; 0                                ; 0                  ; 0                       ; 0                        ; 0                         ; 1                ;
; state.BALANCE_INQUIRY_STATE      ; 0                                ; 1                           ; 0                   ; 0                      ; 0                                ; 0                  ; 0                       ; 0                        ; 0                         ; 1                ;
; state.TRANSACTION_COMPLETE_STATE ; 1                                ; 0                           ; 0                   ; 0                      ; 0                                ; 0                  ; 0                       ; 0                        ; 0                         ; 1                ;
+----------------------------------+----------------------------------+-----------------------------+---------------------+------------------------+----------------------------------+--------------------+-------------------------+--------------------------+---------------------------+------------------+


+----------------------------------------------------------------------------------+
; Registers Removed During Synthesis                                               ;
+----------------------------------------+-----------------------------------------+
; Register name                          ; Reason for Removal                      ;
+----------------------------------------+-----------------------------------------+
; transaction[3]~reg0                    ; Stuck at GND due to stuck port data_in  ;
; transaction[2]~reg0                    ; Stuck at GND due to stuck port data_in  ;
; transaction[1]~reg0                    ; Stuck at GND due to stuck port data_in  ;
; transaction[0]~reg0                    ; Stuck at GND due to stuck port data_in  ;
; mini_statement[15]~reg0                ; Stuck at GND due to stuck port data_in  ;
; mini_statement[14]~reg0                ; Stuck at GND due to stuck port data_in  ;
; mini_statement[13]~reg0                ; Stuck at GND due to stuck port data_in  ;
; mini_statement[12]~reg0                ; Stuck at GND due to stuck port data_in  ;
; mini_statement[11]~reg0                ; Stuck at GND due to stuck port data_in  ;
; mini_statement[10]~reg0                ; Stuck at GND due to stuck port data_in  ;
; mini_statement[9]~reg0                 ; Stuck at GND due to stuck port data_in  ;
; mini_statement[8]~reg0                 ; Stuck at GND due to stuck port data_in  ;
; mini_statement[7]~reg0                 ; Stuck at GND due to stuck port data_in  ;
; mini_statement[6]~reg0                 ; Stuck at GND due to stuck port data_in  ;
; mini_statement[5]~reg0                 ; Stuck at GND due to stuck port data_in  ;
; mini_statement[4]~reg0                 ; Stuck at GND due to stuck port data_in  ;
; mini_statement[3]~reg0                 ; Stuck at GND due to stuck port data_in  ;
; mini_statement[2]~reg0                 ; Stuck at GND due to stuck port data_in  ;
; mini_statement[1]~reg0                 ; Stuck at GND due to stuck port data_in  ;
; new_balance[10]~reg0                   ; Merged with new_balance[0]~reg0         ;
; new_balance[11]~reg0                   ; Merged with new_balance[0]~reg0         ;
; new_balance[12]~reg0                   ; Merged with new_balance[0]~reg0         ;
; new_balance[13]~reg0                   ; Merged with new_balance[0]~reg0         ;
; new_balance[14]~reg0                   ; Merged with new_balance[0]~reg0         ;
; new_balance[15]~reg0                   ; Merged with new_balance[0]~reg0         ;
; new_balance[1]~reg0                    ; Merged with new_balance[0]~reg0         ;
; new_balance[2]~reg0                    ; Merged with new_balance[0]~reg0         ;
; new_balance[3]~reg0                    ; Merged with new_balance[0]~reg0         ;
; new_balance[4]~reg0                    ; Merged with new_balance[0]~reg0         ;
; new_balance[5]~reg0                    ; Merged with new_balance[0]~reg0         ;
; new_balance[6]~reg0                    ; Merged with new_balance[0]~reg0         ;
; new_balance[7]~reg0                    ; Merged with new_balance[0]~reg0         ;
; new_balance[8]~reg0                    ; Merged with new_balance[0]~reg0         ;
; new_balance[9]~reg0                    ; Merged with new_balance[0]~reg0         ;
; balance[1..15]                         ; Merged with balance[0]                  ;
; new_balance[0]~reg0                    ; Stuck at GND due to stuck port data_in  ;
; balance[0]                             ; Stuck at GND due to stuck port data_in  ;
; old_balance[15]~reg0                   ; Stuck at GND due to stuck port data_in  ;
; old_balance[14]~reg0                   ; Stuck at GND due to stuck port data_in  ;
; old_balance[13]~reg0                   ; Stuck at GND due to stuck port data_in  ;
; old_balance[12]~reg0                   ; Stuck at GND due to stuck port data_in  ;
; old_balance[11]~reg0                   ; Stuck at GND due to stuck port data_in  ;
; old_balance[10]~reg0                   ; Stuck at GND due to stuck port data_in  ;
; old_balance[9]~reg0                    ; Stuck at GND due to stuck port data_in  ;
; old_balance[8]~reg0                    ; Stuck at GND due to stuck port data_in  ;
; old_balance[7]~reg0                    ; Stuck at GND due to stuck port data_in  ;
; old_balance[6]~reg0                    ; Stuck at GND due to stuck port data_in  ;
; old_balance[5]~reg0                    ; Stuck at GND due to stuck port data_in  ;
; old_balance[4]~reg0                    ; Stuck at GND due to stuck port data_in  ;
; old_balance[3]~reg0                    ; Stuck at GND due to stuck port data_in  ;
; old_balance[2]~reg0                    ; Stuck at GND due to stuck port data_in  ;
; old_balance[1]~reg0                    ; Stuck at GND due to stuck port data_in  ;
; old_balance[0]~reg0                    ; Stuck at GND due to stuck port data_in  ;
; state~14                               ; Lost fanout                             ;
; state~15                               ; Lost fanout                             ;
; state~16                               ; Lost fanout                             ;
; state~17                               ; Lost fanout                             ;
; state.DEPOSIT_STATE                    ; Merged with state.BALANCE_INQUIRY_STATE ;
; state.WITHDRAWAL_STATE                 ; Merged with state.BALANCE_INQUIRY_STATE ;
; state.LOCKED_STATE                     ; Lost fanout                             ;
; state.BALANCE_INQUIRY_STATE            ; Stuck at GND due to stuck port data_in  ;
; withdrawal_completed~reg0              ; Stuck at GND due to stuck port data_in  ;
; deposit_completed~reg0                 ; Stuck at GND due to stuck port data_in  ;
; mini_statement[0]~reg0                 ; Stuck at GND due to stuck port data_in  ;
; state.PIN_VERIFIED_STATE               ; Stuck at GND due to stuck port data_in  ;
; state.TRANSACTION_SELECTED_STATE       ; Stuck at GND due to stuck port data_in  ;
; pin_attempts[0..2]                     ; Lost fanout                             ;
; state.PIN_INVALID_STATE                ; Lost fanout                             ;
; state.IDLE_STATE                       ; Lost fanout                             ;
; state.CARD_INSERTED_STATE              ; Lost fanout                             ;
; state.TRANSACTION_COMPLETE_STATE       ; Stuck at GND due to stuck port data_in  ;
; card_eject~reg0                        ; Stuck at GND due to stuck port data_in  ;
; Total Number of Removed Registers = 88 ;                                         ;
+----------------------------------------+-----------------------------------------+


+--------------------------------------------------------------------------------------------------------------------------------------------------+
; Removed Registers Triggering Further Register Optimizations                                                                                      ;
+-----------------------------+---------------------------+----------------------------------------------------------------------------------------+
; Register name               ; Reason for Removal        ; Registers Removed due to This Register                                                 ;
+-----------------------------+---------------------------+----------------------------------------------------------------------------------------+
; new_balance[0]~reg0         ; Stuck at GND              ; balance[0], old_balance[15]~reg0, old_balance[14]~reg0, old_balance[13]~reg0,          ;
;                             ; due to stuck port data_in ; old_balance[12]~reg0, old_balance[11]~reg0, old_balance[10]~reg0, old_balance[9]~reg0, ;
;                             ;                           ; old_balance[8]~reg0, old_balance[7]~reg0, old_balance[6]~reg0, old_balance[5]~reg0,    ;
;                             ;                           ; old_balance[4]~reg0, old_balance[3]~reg0, old_balance[2]~reg0, old_balance[1]~reg0,    ;
;                             ;                           ; old_balance[0]~reg0                                                                    ;
; state.BALANCE_INQUIRY_STATE ; Stuck at GND              ; withdrawal_completed~reg0, deposit_completed~reg0, mini_statement[0]~reg0,             ;
;                             ; due to stuck port data_in ; state.PIN_VERIFIED_STATE, state.IDLE_STATE, state.CARD_INSERTED_STATE, card_eject~reg0 ;
; state~16                    ; Lost Fanouts              ; state.LOCKED_STATE, pin_attempts[2], pin_attempts[1], pin_attempts[0]                  ;
; state~14                    ; Lost Fanouts              ; state.PIN_INVALID_STATE                                                                ;
+-----------------------------+---------------------------+----------------------------------------------------------------------------------------+


+------------------------------------------------------+
; General Register Statistics                          ;
+----------------------------------------------+-------+
; Statistic                                    ; Value ;
+----------------------------------------------+-------+
; Total registers                              ; 0     ;
; Number of registers using Synchronous Clear  ; 0     ;
; Number of registers using Synchronous Load   ; 0     ;
; Number of registers using Asynchronous Clear ; 0     ;
; Number of registers using Asynchronous Load  ; 0     ;
; Number of registers using Clock Enable       ; 0     ;
; Number of registers using Preset             ; 0     ;
+----------------------------------------------+-------+


+-----------------------------------------------------------------------------------------------------------------------------------------------+
; Multiplexer Restructuring Statistics (Restructuring Performed)                                                                                ;
+--------------------+-----------+---------------+----------------------+------------------------+------------+---------------------------------+
; Multiplexer Inputs ; Bus Width ; Baseline Area ; Area if Restructured ; Saving if Restructured ; Registered ; Example Multiplexer Output      ;
+--------------------+-----------+---------------+----------------------+------------------------+------------+---------------------------------+
; 5:1                ; 3 bits    ; 9 LEs         ; 0 LEs                ; 9 LEs                  ; Yes        ; |ATM_Controller|pin_attempts[2] ;
; 8:1                ; 6 bits    ; 30 LEs        ; 18 LEs               ; 12 LEs                 ; No         ; |ATM_Controller|Selector0       ;
+--------------------+-----------+---------------+----------------------+------------------------+------------+---------------------------------+


+--------------------------------------------------------------------------------+
; Parameter Settings for User Entity Instance: Top-level Entity: |ATM_Controller ;
+----------------------------+-------+-------------------------------------------+
; Parameter Name             ; Value ; Type                                      ;
+----------------------------+-------+-------------------------------------------+
; IDLE_STATE                 ; 0000  ; Unsigned Binary                           ;
; CARD_INSERTED_STATE        ; 0001  ; Unsigned Binary                           ;
; PIN_VERIFIED_STATE         ; 0010  ; Unsigned Binary                           ;
; PIN_INVALID_STATE          ; 0011  ; Unsigned Binary                           ;
; LOCKED_STATE               ; 0100  ; Unsigned Binary                           ;
; TRANSACTION_SELECTED_STATE ; 0101  ; Unsigned Binary                           ;
; WITHDRAWAL_STATE           ; 0110  ; Unsigned Binary                           ;
; DEPOSIT_STATE              ; 0111  ; Unsigned Binary                           ;
; BALANCE_INQUIRY_STATE      ; 1000  ; Unsigned Binary                           ;
; TRANSACTION_COMPLETE_STATE ; 1001  ; Unsigned Binary                           ;
; MAX_PIN_ATTEMPTS           ; 3     ; Signed Integer                            ;
; LOCKED_DURATION            ; 24    ; Signed Integer                            ;
+----------------------------+-------+-------------------------------------------+
Note: In order to hide this table in the UI and the text report file, please set the "Show Parameter Settings in Synthesis Report" option in "Analysis and Synthesis Settings -> More Settings" to "Off".


+-----------------------------------------------------+
; Post-Synthesis Netlist Statistics for Top Partition ;
+-----------------------+-----------------------------+
; Type                  ; Count                       ;
+-----------------------+-----------------------------+
; arriav_lcell_comb     ; 1                           ;
;     normal            ; 1                           ;
;         0 data inputs ; 1                           ;
; boundary_port         ; 65                          ;
;                       ;                             ;
; Max LUT depth         ; 0.00                        ;
; Average LUT depth     ; 0.00                        ;
+-----------------------+-----------------------------+


+-------------------------------+
; Elapsed Time Per Partition    ;
+----------------+--------------+
; Partition Name ; Elapsed Time ;
+----------------+--------------+
; Top            ; 00:00:00     ;
+----------------+--------------+


+-------------------------------+
; Analysis & Synthesis Messages ;
+-------------------------------+
Info: *******************************************************************
Info: Running Quartus Prime Analysis & Synthesis
    Info: Version 18.1.0 Build 625 09/12/2018 SJ Lite Edition
    Info: Processing started: Tue Jul 11 10:43:17 2023
Info: Command: quartus_map --read_settings_files=on --write_settings_files=off ATM_Controller -c ATM_Controller
Warning (18236): Number of processors has not been specified which may cause overloading on shared machines.  Set the global assignment NUM_PARALLEL_PROCESSORS in your QSF to an appropriate value for best performance.
Info (20030): Parallel compilation is enabled and will use 10 of the 10 processors detected
Info (12021): Found 1 design units, including 1 entities, in source file atm_controller.v
    Info (12023): Found entity 1: ATM_Controller File: C:/intel_unnati/ATM_Controller.v Line: 1
Info (12127): Elaborating entity "ATM_Controller" for the top level hierarchy
Warning (10230): Verilog HDL assignment warning at ATM_Controller.v(62): truncated value with size 32 to match size of target (3) File: C:/intel_unnati/ATM_Controller.v Line: 62
Warning (10230): Verilog HDL assignment warning at ATM_Controller.v(79): truncated value with size 32 to match size of target (3) File: C:/intel_unnati/ATM_Controller.v Line: 79
Warning (10230): Verilog HDL assignment warning at ATM_Controller.v(89): truncated value with size 32 to match size of target (4) File: C:/intel_unnati/ATM_Controller.v Line: 89
Info (10264): Verilog HDL Case Statement information at ATM_Controller.v(123): all case item expressions in this case statement are onehot File: C:/intel_unnati/ATM_Controller.v Line: 123
Warning (13024): Output pins are stuck at VCC or GND
    Warning (13410): Pin "card_eject" is stuck at GND File: C:/intel_unnati/ATM_Controller.v Line: 12
    Warning (13410): Pin "transaction[0]" is stuck at GND File: C:/intel_unnati/ATM_Controller.v Line: 117
    Warning (13410): Pin "transaction[1]" is stuck at GND File: C:/intel_unnati/ATM_Controller.v Line: 117
    Warning (13410): Pin "transaction[2]" is stuck at GND File: C:/intel_unnati/ATM_Controller.v Line: 117
    Warning (13410): Pin "transaction[3]" is stuck at GND File: C:/intel_unnati/ATM_Controller.v Line: 117
    Warning (13410): Pin "withdrawal_completed" is stuck at GND File: C:/intel_unnati/ATM_Controller.v Line: 14
    Warning (13410): Pin "deposit_completed" is stuck at GND File: C:/intel_unnati/ATM_Controller.v Line: 15
    Warning (13410): Pin "old_balance[0]" is stuck at GND File: C:/intel_unnati/ATM_Controller.v Line: 117
    Warning (13410): Pin "old_balance[1]" is stuck at GND File: C:/intel_unnati/ATM_Controller.v Line: 117
    Warning (13410): Pin "old_balance[2]" is stuck at GND File: C:/intel_unnati/ATM_Controller.v Line: 117
    Warning (13410): Pin "old_balance[3]" is stuck at GND File: C:/intel_unnati/ATM_Controller.v Line: 117
    Warning (13410): Pin "old_balance[4]" is stuck at GND File: C:/intel_unnati/ATM_Controller.v Line: 117
    Warning (13410): Pin "old_balance[5]" is stuck at GND File: C:/intel_unnati/ATM_Controller.v Line: 117
    Warning (13410): Pin "old_balance[6]" is stuck at GND File: C:/intel_unnati/ATM_Controller.v Line: 117
    Warning (13410): Pin "old_balance[7]" is stuck at GND File: C:/intel_unnati/ATM_Controller.v Line: 117
    Warning (13410): Pin "old_balance[8]" is stuck at GND File: C:/intel_unnati/ATM_Controller.v Line: 117
    Warning (13410): Pin "old_balance[9]" is stuck at GND File: C:/intel_unnati/ATM_Controller.v Line: 117
    Warning (13410): Pin "old_balance[10]" is stuck at GND File: C:/intel_unnati/ATM_Controller.v Line: 117
    Warning (13410): Pin "old_balance[11]" is stuck at GND File: C:/intel_unnati/ATM_Controller.v Line: 117
    Warning (13410): Pin "old_balance[12]" is stuck at GND File: C:/intel_unnati/ATM_Controller.v Line: 117
    Warning (13410): Pin "old_balance[13]" is stuck at GND File: C:/intel_unnati/ATM_Controller.v Line: 117
    Warning (13410): Pin "old_balance[14]" is stuck at GND File: C:/intel_unnati/ATM_Controller.v Line: 117
    Warning (13410): Pin "old_balance[15]" is stuck at GND File: C:/intel_unnati/ATM_Controller.v Line: 117
    Warning (13410): Pin "new_balance[0]" is stuck at GND File: C:/intel_unnati/ATM_Controller.v Line: 117
    Warning (13410): Pin "new_balance[1]" is stuck at GND File: C:/intel_unnati/ATM_Controller.v Line: 117
    Warning (13410): Pin "new_balance[2]" is stuck at GND File: C:/intel_unnati/ATM_Controller.v Line: 117
    Warning (13410): Pin "new_balance[3]" is stuck at GND File: C:/intel_unnati/ATM_Controller.v Line: 117
    Warning (13410): Pin "new_balance[4]" is stuck at GND File: C:/intel_unnati/ATM_Controller.v Line: 117
    Warning (13410): Pin "new_balance[5]" is stuck at GND File: C:/intel_unnati/ATM_Controller.v Line: 117
    Warning (13410): Pin "new_balance[6]" is stuck at GND File: C:/intel_unnati/ATM_Controller.v Line: 117
    Warning (13410): Pin "new_balance[7]" is stuck at GND File: C:/intel_unnati/ATM_Controller.v Line: 117
    Warning (13410): Pin "new_balance[8]" is stuck at GND File: C:/intel_unnati/ATM_Controller.v Line: 117
    Warning (13410): Pin "new_balance[9]" is stuck at GND File: C:/intel_unnati/ATM_Controller.v Line: 117
    Warning (13410): Pin "new_balance[10]" is stuck at GND File: C:/intel_unnati/ATM_Controller.v Line: 117
    Warning (13410): Pin "new_balance[11]" is stuck at GND File: C:/intel_unnati/ATM_Controller.v Line: 117
    Warning (13410): Pin "new_balance[12]" is stuck at GND File: C:/intel_unnati/ATM_Controller.v Line: 117
    Warning (13410): Pin "new_balance[13]" is stuck at GND File: C:/intel_unnati/ATM_Controller.v Line: 117
    Warning (13410): Pin "new_balance[14]" is stuck at GND File: C:/intel_unnati/ATM_Controller.v Line: 117
    Warning (13410): Pin "new_balance[15]" is stuck at GND File: C:/intel_unnati/ATM_Controller.v Line: 117
    Warning (13410): Pin "mini_statement[0]" is stuck at GND File: C:/intel_unnati/ATM_Controller.v Line: 117
    Warning (13410): Pin "mini_statement[1]" is stuck at GND File: C:/intel_unnati/ATM_Controller.v Line: 117
    Warning (13410): Pin "mini_statement[2]" is stuck at GND File: C:/intel_unnati/ATM_Controller.v Line: 117
    Warning (13410): Pin "mini_statement[3]" is stuck at GND File: C:/intel_unnati/ATM_Controller.v Line: 117
    Warning (13410): Pin "mini_statement[4]" is stuck at GND File: C:/intel_unnati/ATM_Controller.v Line: 117
    Warning (13410): Pin "mini_statement[5]" is stuck at GND File: C:/intel_unnati/ATM_Controller.v Line: 117
    Warning (13410): Pin "mini_statement[6]" is stuck at GND File: C:/intel_unnati/ATM_Controller.v Line: 117
    Warning (13410): Pin "mini_statement[7]" is stuck at GND File: C:/intel_unnati/ATM_Controller.v Line: 117
    Warning (13410): Pin "mini_statement[8]" is stuck at GND File: C:/intel_unnati/ATM_Controller.v Line: 117
    Warning (13410): Pin "mini_statement[9]" is stuck at GND File: C:/intel_unnati/ATM_Controller.v Line: 117
    Warning (13410): Pin "mini_statement[10]" is stuck at GND File: C:/intel_unnati/ATM_Controller.v Line: 117
    Warning (13410): Pin "mini_statement[11]" is stuck at GND File: C:/intel_unnati/ATM_Controller.v Line: 117
    Warning (13410): Pin "mini_statement[12]" is stuck at GND File: C:/intel_unnati/ATM_Controller.v Line: 117
    Warning (13410): Pin "mini_statement[13]" is stuck at GND File: C:/intel_unnati/ATM_Controller.v Line: 117
    Warning (13410): Pin "mini_statement[14]" is stuck at GND File: C:/intel_unnati/ATM_Controller.v Line: 117
    Warning (13410): Pin "mini_statement[15]" is stuck at GND File: C:/intel_unnati/ATM_Controller.v Line: 117
Info (17049): 11 registers lost all their fanouts during netlist optimizations.
Info (16010): Generating hard_block partition "hard_block:auto_generated_inst"
    Info (16011): Adding 0 node(s), including 0 DDIO, 0 PLL, 0 transceiver and 0 LCELL
Warning (21074): Design contains 10 input pin(s) that do not drive logic
    Warning (15610): No output dependent on input pin "withdrawal_requested" File: C:/intel_unnati/ATM_Controller.v Line: 9
    Warning (15610): No output dependent on input pin "deposit_requested" File: C:/intel_unnati/ATM_Controller.v Line: 10
    Warning (15610): No output dependent on input pin "balance_requested" File: C:/intel_unnati/ATM_Controller.v Line: 11
    Warning (15610): No output dependent on input pin "clk" File: C:/intel_unnati/ATM_Controller.v Line: 2
    Warning (15610): No output dependent on input pin "reset" File: C:/intel_unnati/ATM_Controller.v Line: 3
    Warning (15610): No output dependent on input pin "card_ejected" File: C:/intel_unnati/ATM_Controller.v Line: 8
    Warning (15610): No output dependent on input pin "transaction_processed" File: C:/intel_unnati/ATM_Controller.v Line: 7
    Warning (15610): No output dependent on input pin "transaction_selected" File: C:/intel_unnati/ATM_Controller.v Line: 6
    Warning (15610): No output dependent on input pin "card_inserted" File: C:/intel_unnati/ATM_Controller.v Line: 4
    Warning (15610): No output dependent on input pin "pin_entered" File: C:/intel_unnati/ATM_Controller.v Line: 5
Info (21057): Implemented 65 device resources after synthesis - the final resource count might be different
    Info (21058): Implemented 10 input pins
    Info (21059): Implemented 55 output pins
Info: Quartus Prime Analysis & Synthesis was successful. 0 errors, 71 warnings
    Info: Peak virtual memory: 4801 megabytes
    Info: Processing ended: Tue Jul 11 10:43:27 2023
    Info: Elapsed time: 00:00:10
    Info: Total CPU time (on all processors): 00:00:08


